<?xml version="1.0" encoding="UTF-8"?>
<!-- Generated by org.testng.reporters.JUnitReportReporter -->
<testsuite hostname="dell-pc" name="com.wdc.test.base.Test" tests="1" failures="0" timestamp="16 Aug 2018 14:13:10 GMT" time="0.053" errors="0">
  <testcase name="test" time="0.053" classname="com.wdc.test.base.Test"/>
</testsuite> <!-- com.wdc.test.base.Test -->
