<?xml version="1.0" encoding="UTF-8"?>
<!-- Generated by org.testng.reporters.JUnitReportReporter -->
<testsuite hostname="dell-pc" name="com.test.frame.WebSelenium.PublishPage_NormalTest" tests="1" failures="0" timestamp="21 Aug 2018 14:33:00 GMT" time="3.235" errors="0">
  <testcase name="publish_Normal" time="3.235" classname="com.test.frame.WebSelenium.PublishPage_NormalTest"/>
</testsuite> <!-- com.test.frame.WebSelenium.PublishPage_NormalTest -->
