<?xml version="1.0" encoding="UTF-8"?>
<!-- Generated by org.testng.reporters.JUnitReportReporter -->
<testsuite hostname="dell-pc" name="com.test.frame.WebSelenium.LoginPage_NormalTest" tests="2" failures="0" timestamp="21 Aug 2018 15:27:24 GMT" time="4.411" errors="0">
  <testcase name="login_Normal" time="1.745" classname="com.test.frame.WebSelenium.LoginPage_NormalTest"/>
  <testcase name="login_Normal" time="2.666" classname="com.test.frame.WebSelenium.LoginPage_NormalTest"/>
</testsuite> <!-- com.test.frame.WebSelenium.LoginPage_NormalTest -->
