<?xml version="1.0" encoding="UTF-8"?>
<!-- Generated by org.testng.reporters.JUnitReportReporter -->
<testsuite hostname="dell-pc" name="com.test.frame.WebSelenium.IndexPage_NormalTest" tests="1" failures="0" timestamp="22 Aug 2018 07:39:55 GMT" time="1.534" errors="0">
  <testcase name="indexPage_Normal" time="1.534" classname="com.test.frame.WebSelenium.IndexPage_NormalTest"/>
</testsuite> <!-- com.test.frame.WebSelenium.IndexPage_NormalTest -->
