<?xml version="1.0" encoding="UTF-8"?>
<!-- Generated by org.testng.reporters.JUnitReportReporter -->
<testsuite hostname="dell-pc" name="com.wdc.test.base.TestDemo" tests="1" failures="0" timestamp="17 Aug 2018 02:40:45 GMT" time="0.331" errors="0">
  <testcase name="test" time="0.331" classname="com.wdc.test.base.TestDemo"/>
</testsuite> <!-- com.wdc.test.base.TestDemo -->
